 [2025-09-18 11:21:03] [INFO] ecommerce_bot: Пользователь 328729390 начал работу с ботом
[2025-09-18 11:27:29] [INFO] ecommerce_bot: Пользователь 328729390 добавил товар 3 в корзину
[2025-09-18 11:27:29] [INFO] ecommerce_bot: Пользователь 328729390 добавил товар 3 в корзину
[2025-09-18 11:27:40] [INFO] ecommerce_bot: Пользователь 328729390 добавил товар 2 в корзину
[2025-09-18 11:27:41] [INFO] ecommerce_bot: Пользователь 328729390 добавил товар 2 в корзину
[2025-09-18 11:30:28] [INFO] ecommerce_bot: Пользователь 328729390 добавил товар 5 в корзину
[2025-09-18 11:30:28] [INFO] ecommerce_bot: Пользователь 328729390 добавил товар 5 в корзину
[2025-09-18 11:36:35] [INFO] ecommerce_bot: Пользователь 328729390 добавил товар 5 в корзину
[2025-09-18 11:43:06] [INFO] ecommerce_bot: Пользователь 328729390 добавил товар 5 в корзину
[2025-09-18 11:47:19] [INFO] ecommerce_bot: Пользователь 328729390 добавил товар 5 в корзину
[2025-09-18 11:47:57] [INFO] ecommerce_bot: Пользователь 328729390 добавил товар 5 в корзину
[2025-09-18 13:42:44] [INFO] ecommerce_bot: Пользователь 328729390 добавил товар 3 в корзину
[2025-09-18 13:46:18] [INFO] ecommerce_bot: Пользователь 328729390 добавил товар 5 в корзину
[2025-09-18 13:50:41] [INFO] ecommerce_bot: Bot started
[2025-09-18 13:50:51] [INFO] ecommerce_bot: Пользователь 328729390 добавил товар 5 в корзину
[2025-09-18 13:51:10] [INFO] ecommerce_bot: Пользователь 328729390 добавил товар 7 в корзину
[2025-09-18 13:51:14] [INFO] ecommerce_bot: Пользователь 328729390 добавил товар 6 в корзину
[2025-09-18 13:51:56] [INFO] ecommerce_bot: Пользователь 328729390 добавил товар 5 в корзину
[2025-09-18 13:58:07] [INFO] ecommerce_bot: Bot started
[2025-09-18 13:58:24] [INFO] ecommerce_bot: Пользователь 328729390 добавил товар 3 в корзину
[2025-09-18 13:58:26] [INFO] ecommerce_bot: Пользователь 328729390 добавил товар 2 в корзину
[2025-09-18 14:02:02] [INFO] ecommerce_bot: Bot started
[2025-09-18 14:02:10] [INFO] ecommerce_bot: Пользователь 328729390 добавил товар 3 в корзину
[2025-09-18 14:05:38] [INFO] ecommerce_bot: Bot started
[2025-09-18 14:05:45] [INFO] ecommerce_bot: Пользователь 328729390 добавил товар 3 в корзину
[2025-09-18 14:05:56] [INFO] ecommerce_bot: Пользователь 328729390 посмотрел заказы: нет заказов
[2025-09-18 14:06:04] [INFO] ecommerce_bot: Пользователь 328729390 добавил товар 2 в корзину
[2025-09-18 14:06:16] [INFO] ecommerce_bot: Пользователь 328729390 посмотрел заказы: нет заказов
[2025-09-18 14:06:22] [INFO] ecommerce_bot: Пользователь 328729390 добавил товар 5 в корзину
[2025-09-18 14:06:23] [INFO] ecommerce_bot: Пользователь 328729390 добавил товар 5 в корзину
[2025-09-18 14:06:25] [INFO] ecommerce_bot: Пользователь 328729390 добавил товар 5 в корзину
[2025-09-18 14:06:41] [INFO] ecommerce_bot: Пользователь 328729390 посмотрел заказы: нет заказов
[2025-09-18 14:09:55] [INFO] ecommerce_bot: Bot started
[2025-09-18 14:10:03] [INFO] ecommerce_bot: Пользователь 328729390 добавил товар 3 в корзину
[2025-09-18 14:10:36] [INFO] ecommerce_bot: Пользователь 328729390 добавил товар 5 в корзину
[2025-09-18 14:10:49] [INFO] ecommerce_bot: Пользователь 328729390 добавил товар 3 в корзину
[2025-09-18 14:26:31] [INFO] ecommerce_bot: Bot started
[2025-09-18 14:27:05] [INFO] ecommerce_bot: Пользователь 328729390 добавил товар 5 в корзину
[2025-09-18 15:22:18] [INFO] ecommerce_bot: Пользователь 328729390 добавил товар 2 в корзину
[2025-09-18 15:24:24] [INFO] ecommerce_bot: Пользователь 328729390 добавил товар 6 в корзину
[2025-09-18 15:28:25] [INFO] ecommerce_bot: Пользователь 328729390 добавил товар 5 в корзину
[2025-09-18 15:31:21] [INFO] ecommerce_bot: Пользователь 328729390 добавил товар 6 в корзину
[2025-09-18 15:33:40] [INFO] ecommerce_bot: Пользователь 328729390 добавил товар 7 в корзину
[2025-09-18 15:35:17] [INFO] ecommerce_bot: Пользователь 328729390 добавил товар 6 в корзину
[2025-09-18 15:36:19] [INFO] ecommerce_bot: Пользователь 328729390 добавил товар 5 в корзину
[2025-09-18 15:40:01] [ERROR] ecommerce_bot: Ошибка при добавлении товара 6 в корзину: (sqlite3.OperationalError) no such table: cart_items
[SQL: SELECT cart_items.id AS cart_items_id, cart_items.user_id AS cart_items_user_id, cart_items.product_id AS cart_items_product_id, cart_items.name AS cart_items_name, cart_items.price AS cart_items_price, cart_items.quantity AS cart_items_quantity 
FROM cart_items 
WHERE cart_items.user_id = ? AND cart_items.product_id = ?
 LIMIT ? OFFSET ?]
[parameters: (328729390, 6, 1, 0)]
(Background on this error at: https://sqlalche.me/e/20/e3q8)
[2025-09-18 15:40:01] [INFO] ecommerce_bot: Пользователь 328729390 добавил товар 6 в корзину
[2025-09-18 16:01:05] [ERROR] ecommerce_bot: Ошибка при получении заказов пользователя 328729390: type object 'Order' has no attribute 'created_at'
[2025-09-18 19:50:45] [INFO] ecommerce_bot: Пользователь 328729390 создал заказ 9 на сумму 299.99 руб.
[2025-09-18 19:53:45] [INFO] ecommerce_bot: Пользователь 328729390 создал заказ 10 на сумму 899.99 руб.
[2025-09-18 20:01:02] [INFO] ecommerce_bot: Пользователь 328729390 создал заказ 11 на сумму 899.99 руб.
[2025-09-18 20:59:13] [INFO] ecommerce_bot: Пользователь 328729390 создал заказ 12 на сумму 49.99 руб.
[2025-09-18 21:35:22] [INFO] ecommerce_bot: Пользователь 1765884875 создал заказ 13 на сумму 54.980000000000004 руб.
[2025-09-19 09:49:22] [INFO] ecommerce_bot: Пользователь 328729390 создал заказ 14 на сумму 94.99000000000001 руб.
[2025-09-19 09:50:41] [INFO] ecommerce_bot: Пользователь 328729390 создал заказ 15 на сумму 345.0 руб.
[2025-09-19 09:56:42] [INFO] ecommerce_bot: Пользователь 328729390 создал заказ 16 на сумму 345.0 руб.
[2025-09-19 09:57:27] [INFO] ecommerce_bot: Админ обновил товар: 4 - Роман
[2025-09-19 10:46:21] [INFO] ecommerce_bot: Пользователь 328729390 создал заказ 17 на сумму 39.99 руб.
[2025-09-19 13:44:26] [INFO] ecommerce_bot: Админ 328729390 начал работу с ботом
[2025-09-19 14:19:30] [INFO] ecommerce_bot: Админ 328729390 начал работу с ботом
[2025-09-19 14:20:17] [INFO] ecommerce_bot: Пользователь 328729390 создал заказ 18 на сумму 49.99 руб.
[2025-09-19 14:20:44] [INFO] ecommerce_bot: Админ обновил товар: 2 - Ноутбук
[2025-09-19 14:36:30] [INFO] ecommerce_bot: Админ 328729390 начал работу с ботом
[2025-09-19 14:37:07] [INFO] ecommerce_bot: Админ обновил товар: 8 - Карты
[2025-09-19 14:38:59] [INFO] ecommerce_bot: Админ 328729390 начал работу с ботом
[2025-09-19 14:58:31] [INFO] ecommerce_bot: Админ 328729390 начал работу с ботом
[2025-09-19 15:01:28] [INFO] ecommerce_bot: Пользователь 328729390 создал заказ 19 на сумму 702.0 руб.
[2025-09-19 15:12:03] [INFO] ecommerce_bot: Админ 328729390 начал работу с ботом
[2025-09-19 15:24:38] [INFO] ecommerce_bot: Пользователь 328729390 создал заказ 20 на сумму 139.96 руб.
[2025-09-19 16:11:39] [INFO] ecommerce_bot: Админ 328729390 начал работу с ботом
[2025-09-19 16:12:31] [INFO] ecommerce_bot: Пользователь 328729390 создал заказ 1 на сумму 468.0 руб.
[2025-09-19 16:32:18] [INFO] ecommerce_bot: Админ 328729390 начал работу с ботом
[2025-09-19 16:35:04] [INFO] ecommerce_bot: Пользователь 328729390 начал работу с ботом
[2025-09-19 16:38:13] [INFO] ecommerce_bot: Админ 328729390 начал работу с ботом
[2025-09-19 19:49:57] [INFO] ecommerce_bot: Пользователь 328729390 создал заказ 2 на сумму 702.0 руб.
[2025-09-19 20:18:47] [INFO] ecommerce_bot: Админ 328729390 начал работу с ботом
[2025-09-20 10:41:43] [INFO] ecommerce_bot: Админ 328729390 начал работу с ботом
[2025-09-20 10:41:43] [INFO] ecommerce_bot: Админ 328729390 начал работу с ботом
[2025-09-20 10:41:45] [INFO] ecommerce_bot: Админ 328729390 начал работу с ботом
[2025-09-20 10:43:15] [INFO] ecommerce_bot: Админ 328729390 начал работу с ботом
